# Network Traffic Anomaly Detector - Alert Log
# =============================================
# This file contains security alerts generated by the anomaly detection system.
# Format: [SEVERITY] TIMESTAMP | Source IP | Alert Details
#

[LOW] 2025-12-19 19:04:50
Unusual Traffic Pattern Detected
Source IP: 10.0.0.50
Anomaly Score: 0.0
Details: {"packet_count": 15, "byte_volume": 9019, "unique_dst_ports": 4, "unique_dst_ips": 5, "packets_per_second": 3.26, "flow_duration": 4.6, "tcp_ratio": 0.267, "udp_ratio": 0.333, "icmp_ratio": 0.4}
------------------------------------------------------------

[LOW] 2025-12-19 19:04:50
Unusual Traffic Pattern Detected
Source IP: 192.168.1.100
Anomaly Score: 0.557
Details: {"packet_count": 7, "byte_volume": 4660, "unique_dst_ports": 1, "unique_dst_ips": 5, "packets_per_second": 1.49, "flow_duration": 4.7, "tcp_ratio": 0.143, "udp_ratio": 0.0, "icmp_ratio": 0.857}
------------------------------------------------------------

[LOW] 2025-12-19 19:04:50
Unusual Traffic Pattern Detected
Source IP: 192.168.1.101
Anomaly Score: 0.164
Details: {"packet_count": 11, "byte_volume": 11262, "unique_dst_ports": 5, "unique_dst_ips": 4, "packets_per_second": 2.44, "flow_duration": 4.5, "tcp_ratio": 0.182, "udp_ratio": 0.364, "icmp_ratio": 0.455}
------------------------------------------------------------

[LOW] 2025-12-19 19:04:50
Unusual Traffic Pattern Detected
Source IP: 192.168.1.102
Anomaly Score: 0.584
Details: {"packet_count": 7, "byte_volume": 5099, "unique_dst_ports": 3, "unique_dst_ips": 4, "packets_per_second": 2.12, "flow_duration": 3.3, "tcp_ratio": 0.286, "udp_ratio": 0.286, "icmp_ratio": 0.429}
------------------------------------------------------------

[LOW] 2025-12-19 19:04:50
Unusual Traffic Pattern Detected
Source IP: 172.16.0.10
Anomaly Score: 0.309
Details: {"packet_count": 5, "byte_volume": 4802, "unique_dst_ports": 4, "unique_dst_ips": 5, "packets_per_second": 1.43, "flow_duration": 3.5, "tcp_ratio": 0.2, "udp_ratio": 0.8, "icmp_ratio": 0.0}
------------------------------------------------------------

[HIGH] 2025-12-19 19:04:50
Unusual Traffic Pattern Detected
Source IP: 10.0.0.51
Anomaly Score: 0.972
Details: {"packet_count": 5, "byte_volume": 2582, "unique_dst_ports": 3, "unique_dst_ips": 2, "packets_per_second": 2.78, "flow_duration": 1.8, "tcp_ratio": 0.6, "udp_ratio": 0.2, "icmp_ratio": 0.2}
------------------------------------------------------------

[HIGH] 2025-12-19 19:04:50
Possible Port Scan Detected (contacted 120 unique ports) | High Traffic Rate (250.0 packets/second) | Possible SYN Flood (490 SYN packets)
Source IP: 10.0.0.100
Anomaly Score: 1.0
Details: {"packet_count": 500, "byte_volume": 50000, "unique_dst_ports": 120, "unique_dst_ips": 1, "packets_per_second": 250.0, "flow_duration": 2.0, "tcp_ratio": 0.95, "udp_ratio": 0.05, "icmp_ratio": 0.0}
------------------------------------------------------------

[HIGH] 2025-12-19 19:04:50
High Data Volume (2.38 MB transferred)
Source IP: 192.168.1.200
Anomaly Score: 0.889
Details: {"packet_count": 200, "byte_volume": 2500000, "unique_dst_ports": 1, "unique_dst_ips": 1, "packets_per_second": 6.67, "flow_duration": 30.0, "tcp_ratio": 1.0, "udp_ratio": 0.0, "icmp_ratio": 0.0}
------------------------------------------------------------

[HIGH] 2025-12-19 19:04:50
High Traffic Rate (200.0 packets/second) | Network Reconnaissance (25 unique destinations) | Unusual ICMP Activity (90% ICMP packets)
Source IP: 172.16.0.50
Anomaly Score: 0.856
Details: {"packet_count": 1000, "byte_volume": 64000, "unique_dst_ports": 3, "unique_dst_ips": 25, "packets_per_second": 200.0, "flow_duration": 5.0, "tcp_ratio": 0.1, "udp_ratio": 0.0, "icmp_ratio": 0.9}
------------------------------------------------------------
